app/manifest-merger-release-report.txt
-- Merging decision tree log ---
manifest
ADDED from AndroidManifest.xml:2:1
	xmlns:android
		ADDED from AndroidManifest.xml:2:11
	package
		ADDED from AndroidManifest.xml:3:5
		INJECTED from AndroidManifest.xml:0:0
		INJECTED from AndroidManifest.xml:0:0
	android:versionName
		INJECTED from AndroidManifest.xml:0:0
		INJECTED from AndroidManifest.xml:0:0
	android:versionCode
		INJECTED from AndroidManifest.xml:0:0
		INJECTED from AndroidManifest.xml:0:0
uses-permission#android.permission.WRITE_EXTERNAL_STORAGE
ADDED from AndroidManifest.xml:5:5
	android:name
		ADDED from AndroidManifest.xml:5:22
uses-permission#android.permission.INTERNET
ADDED from AndroidManifest.xml:6:5
	android:name
		ADDED from AndroidManifest.xml:6:22
application
ADDED from AndroidManifest.xml:7:5
MERGED from com.embarkmobile:zxing-android-minimal:1.2.1:43:3
	android:label
		ADDED from AndroidManifest.xml:11:9
	android:allowBackup
		ADDED from AndroidManifest.xml:9:9
	android:icon
		ADDED from AndroidManifest.xml:10:9
	android:theme
		ADDED from AndroidManifest.xml:13:9
	android:name
		ADDED from AndroidManifest.xml:8:9
activity#com.gongpingjia.gpjdetector.activity.SplashActivity_
ADDED from AndroidManifest.xml:14:9
	android:label
		ADDED from AndroidManifest.xml:16:13
	android:name
		ADDED from AndroidManifest.xml:15:13
intent-filter#android.intent.action.MAIN+android.intent.category.LAUNCHER
ADDED from AndroidManifest.xml:17:13
action#android.intent.action.MAIN
ADDED from AndroidManifest.xml:18:17
	android:name
		ADDED from AndroidManifest.xml:18:25
category#android.intent.category.LAUNCHER
ADDED from AndroidManifest.xml:20:17
	android:name
		ADDED from AndroidManifest.xml:20:27
activity#com.gongpingjia.gpjdetector.activity.BaseActivity
ADDED from AndroidManifest.xml:23:9
	android:label
		ADDED from AndroidManifest.xml:25:13
	android:name
		ADDED from AndroidManifest.xml:24:13
activity#com.gongpingjia.gpjdetector.activity.MainActivity_
ADDED from AndroidManifest.xml:27:9
	android:label
		ADDED from AndroidManifest.xml:29:13
	android:name
		ADDED from AndroidManifest.xml:28:13
activity#com.gongpingjia.gpjdetector.activity.HomeActivity_
ADDED from AndroidManifest.xml:31:9
	android:label
		ADDED from AndroidManifest.xml:33:13
	android:name
		ADDED from AndroidManifest.xml:32:13
activity#com.gongpingjia.gpjdetector.activity.CategoryActivity
ADDED from AndroidManifest.xml:35:9
	android:label
		ADDED from AndroidManifest.xml:37:13
	android:name
		ADDED from AndroidManifest.xml:36:13
activity#com.gongpingjia.gpjdetector.activity.GalleryFileActivity_
ADDED from AndroidManifest.xml:39:9
	android:label
		ADDED from AndroidManifest.xml:41:13
	android:name
		ADDED from AndroidManifest.xml:40:13
activity#com.gongpingjia.gpjdetector.activity.LoginActivity_
ADDED from AndroidManifest.xml:43:9
	android:label
		ADDED from AndroidManifest.xml:45:13
	android:name
		ADDED from AndroidManifest.xml:44:13
activity#com.gongpingjia.gpjdetector.activity.ModifyPasswordActivity_
ADDED from AndroidManifest.xml:47:9
	android:label
		ADDED from AndroidManifest.xml:49:13
	android:name
		ADDED from AndroidManifest.xml:48:13
activity#com.gongpingjia.gpjdetector.activity.HistoryActivity_
ADDED from AndroidManifest.xml:51:9
	android:label
		ADDED from AndroidManifest.xml:53:13
	android:name
		ADDED from AndroidManifest.xml:52:13
service#com.gongpingjia.gpjdetector.utility.UpdateService
ADDED from AndroidManifest.xml:56:9
	android:enabled
		ADDED from AndroidManifest.xml:57:13
	android:name
		ADDED from AndroidManifest.xml:56:18
uses-sdk
INJECTED from AndroidManifest.xml:0:0 reason: use-sdk injection requested
MERGED from GPJDetector.libraries:SlidingMenu:unspecified:7:5
MERGED from GPJDetector.libraries:Enhanced-edittext:unspecified:7:5
MERGED from com.embarkmobile:zxing-android-minimal:1.2.1:23:3
	android:targetSdkVersion
		INJECTED from AndroidManifest.xml:0:0
		INJECTED from AndroidManifest.xml:0:0
	android:minSdkVersion
		INJECTED from AndroidManifest.xml:0:0
		INJECTED from AndroidManifest.xml:0:0
android:uses-permission#android.permission.READ_EXTERNAL_STORAGE
IMPLIED from AndroidManifest.xml:2:1 reason: requested WRITE_EXTERNAL_STORAGE
uses-permission#android.permission.CAMERA
ADDED from com.embarkmobile:zxing-android-minimal:1.2.1:19:3
	android:name
		ADDED from com.embarkmobile:zxing-android-minimal:1.2.1:19:20
uses-permission#android.permission.VIBRATE
ADDED from com.embarkmobile:zxing-android-minimal:1.2.1:20:3
	android:name
		ADDED from com.embarkmobile:zxing-android-minimal:1.2.1:20:20
uses-permission#android.permission.FLASHLIGHT
ADDED from com.embarkmobile:zxing-android-minimal:1.2.1:21:3
	android:name
		ADDED from com.embarkmobile:zxing-android-minimal:1.2.1:21:20
uses-feature#android.hardware.camera
ADDED from com.embarkmobile:zxing-android-minimal:1.2.1:26:3
	android:required
		ADDED from com.embarkmobile:zxing-android-minimal:1.2.1:26:56
	android:name
		ADDED from com.embarkmobile:zxing-android-minimal:1.2.1:26:17
uses-feature#android.hardware.camera.front
ADDED from com.embarkmobile:zxing-android-minimal:1.2.1:27:3
	android:required
		ADDED from com.embarkmobile:zxing-android-minimal:1.2.1:27:62
	android:name
		ADDED from com.embarkmobile:zxing-android-minimal:1.2.1:27:17
uses-feature#android.hardware.camera.autofocus
ADDED from com.embarkmobile:zxing-android-minimal:1.2.1:30:3
	android:required
		ADDED from com.embarkmobile:zxing-android-minimal:1.2.1:30:66
	android:name
		ADDED from com.embarkmobile:zxing-android-minimal:1.2.1:30:17
uses-feature#android.hardware.camera.flash
ADDED from com.embarkmobile:zxing-android-minimal:1.2.1:31:3
	android:required
		ADDED from com.embarkmobile:zxing-android-minimal:1.2.1:31:62
	android:name
		ADDED from com.embarkmobile:zxing-android-minimal:1.2.1:31:17
uses-feature#android.hardware.screen.landscape
ADDED from com.embarkmobile:zxing-android-minimal:1.2.1:32:3
	android:required
		ADDED from com.embarkmobile:zxing-android-minimal:1.2.1:32:66
	android:name
		ADDED from com.embarkmobile:zxing-android-minimal:1.2.1:32:17
uses-feature#android.hardware.wifi
ADDED from com.embarkmobile:zxing-android-minimal:1.2.1:33:3
	android:required
		ADDED from com.embarkmobile:zxing-android-minimal:1.2.1:33:54
	android:name
		ADDED from com.embarkmobile:zxing-android-minimal:1.2.1:33:17
supports-screens
ADDED from com.embarkmobile:zxing-android-minimal:1.2.1:37:3
	android:largeScreens
		ADDED from com.embarkmobile:zxing-android-minimal:1.2.1:38:21
	android:anyDensity
		ADDED from com.embarkmobile:zxing-android-minimal:1.2.1:41:21
	android:normalScreens
		ADDED from com.embarkmobile:zxing-android-minimal:1.2.1:39:21
	android:xlargeScreens
		ADDED from com.embarkmobile:zxing-android-minimal:1.2.1:37:21
	android:smallScreens
		ADDED from com.embarkmobile:zxing-android-minimal:1.2.1:40:21
activity#com.google.zxing.client.android.CaptureActivity
ADDED from com.embarkmobile:zxing-android-minimal:1.2.1:44:7
	android:windowSoftInputMode
		ADDED from com.embarkmobile:zxing-android-minimal:1.2.1:44:291
	android:screenOrientation
		ADDED from com.embarkmobile:zxing-android-minimal:1.2.1:44:164
	android:configChanges
		ADDED from com.embarkmobile:zxing-android-minimal:1.2.1:44:50
	android:theme
		ADDED from com.embarkmobile:zxing-android-minimal:1.2.1:44:232
	android:stateNotNeeded
		ADDED from com.embarkmobile:zxing-android-minimal:1.2.1:44:202
	android:clearTaskOnLaunch
		ADDED from com.embarkmobile:zxing-android-minimal:1.2.1:44:17
	android:name
		ADDED from com.embarkmobile:zxing-android-minimal:1.2.1:44:101
activity#com.google.zxing.client.android.HelpActivity
ADDED from com.embarkmobile:zxing-android-minimal:1.2.1:45:7
	android:screenOrientation
		ADDED from com.embarkmobile:zxing-android-minimal:1.2.1:45:77
	android:name
		ADDED from com.embarkmobile:zxing-android-minimal:1.2.1:45:17